TN:
SF:server.js
FN:12,(anonymous_0)
FN:18,renderHome
FN:21,renderData
FN:29,start
FN:30,(anonymous_4)
FNF:5
FNH:3
FNDA:1,(anonymous_0)
FNDA:1,renderHome
FNDA:2,renderData
FNDA:0,start
FNDA:0,(anonymous_4)
DA:3,1
DA:4,1
DA:5,1
DA:7,1
DA:8,1
DA:10,1
DA:11,1
DA:12,1
DA:13,1
DA:15,1
DA:16,1
DA:19,1
DA:22,2
DA:27,2
DA:30,0
DA:32,1
LF:16
LH:15
BRF:0
BRH:0
end_of_record
TN:
SF:handlers/404.js
FN:1,notFound
FNF:1
FNH:1
FNDA:1,notFound
DA:2,1
DA:4,1
LF:2
LH:2
BRF:0
BRH:0
end_of_record
TN:
SF:handlers/500.js
FN:1,(anonymous_0)
FNF:1
FNH:1
FNDA:1,(anonymous_0)
DA:1,1
DA:2,1
LF:2
LH:2
BRF:0
BRH:0
end_of_record
